25/08/25 18:23:31 INFO HelloSpark: Starting HelloSpark
25/08/25 18:23:31 INFO HelloSpark: spark.app.id=local-1756126410825
spark.app.name=HelloSpark
spark.app.startTime=1756126409529
spark.app.submitTime=1756126409370
spark.author=Chandan
spark.driver.extraJavaOptions=-Djava.net.preferIPv6Addresses=false -XX:+IgnoreUnrecognizedVMOptions --add-opens=java.base/java.lang=ALL-UNNAMED --add-opens=java.base/java.lang.invoke=ALL-UNNAMED --add-opens=java.base/java.lang.reflect=ALL-UNNAMED --add-opens=java.base/java.io=ALL-UNNAMED --add-opens=java.base/java.net=ALL-UNNAMED --add-opens=java.base/java.nio=ALL-UNNAMED --add-opens=java.base/java.util=ALL-UNNAMED --add-opens=java.base/java.util.concurrent=ALL-UNNAMED --add-opens=java.base/java.util.concurrent.atomic=ALL-UNNAMED --add-opens=java.base/jdk.internal.ref=ALL-UNNAMED --add-opens=java.base/sun.nio.ch=ALL-UNNAMED --add-opens=java.base/sun.nio.cs=ALL-UNNAMED --add-opens=java.base/sun.security.action=ALL-UNNAMED --add-opens=java.base/sun.util.calendar=ALL-UNNAMED --add-opens=java.security.jgss/sun.security.krb5=ALL-UNNAMED -Djdk.reflect.useDirectMethodHandle=false -Dlog4j.configurationFile=file:/C:/Users/chasurag/Documents/my%20repos/hellospark/log4j2.properties
spark.driver.host=WKWEJ699694344.global.publicisgroupe.net
spark.driver.port=52530
spark.executor.extraJavaOptions=-Djava.net.preferIPv6Addresses=false -XX:+IgnoreUnrecognizedVMOptions --add-opens=java.base/java.lang=ALL-UNNAMED --add-opens=java.base/java.lang.invoke=ALL-UNNAMED --add-opens=java.base/java.lang.reflect=ALL-UNNAMED --add-opens=java.base/java.io=ALL-UNNAMED --add-opens=java.base/java.net=ALL-UNNAMED --add-opens=java.base/java.nio=ALL-UNNAMED --add-opens=java.base/java.util=ALL-UNNAMED --add-opens=java.base/java.util.concurrent=ALL-UNNAMED --add-opens=java.base/java.util.concurrent.atomic=ALL-UNNAMED --add-opens=java.base/jdk.internal.ref=ALL-UNNAMED --add-opens=java.base/sun.nio.ch=ALL-UNNAMED --add-opens=java.base/sun.nio.cs=ALL-UNNAMED --add-opens=java.base/sun.security.action=ALL-UNNAMED --add-opens=java.base/sun.util.calendar=ALL-UNNAMED --add-opens=java.security.jgss/sun.security.krb5=ALL-UNNAMED -Djdk.reflect.useDirectMethodHandle=false
spark.executor.id=driver
spark.master=local[*]
spark.rdd.compress=True
spark.serializer.objectStreamReset=100
spark.submit.deployMode=client
spark.submit.pyFiles=
spark.ui.showConsoleProgress=true
25/08/25 18:23:31 INFO HelloSpark: Finished HelloSpark
25/08/25 18:33:49 INFO HelloSpark: Starting HelloSpark
25/08/25 18:34:01 INFO HelloSpark: Finished HelloSpark
25/08/25 18:48:46 INFO HelloSpark: Starting HelloSpark
25/08/25 18:49:34 INFO HelloSpark: Starting HelloSpark
25/08/25 18:49:45 INFO HelloSpark: Finished HelloSpark
25/08/25 18:52:38 INFO HelloSpark: Starting HelloSpark
25/08/25 18:52:48 INFO HelloSpark: Finished HelloSpark
25/08/25 19:06:22 INFO HelloSpark: Starting HelloSpark
25/08/25 19:06:33 INFO HelloSpark: Finished HelloSpark
25/08/25 19:08:02 INFO HelloSpark: Starting HelloSpark
25/08/25 19:08:15 INFO HelloSpark: Finished HelloSpark
25/08/25 19:10:51 INFO HelloSpark: Starting HelloSpark
25/08/25 19:11:11 INFO HelloSpark: Finished HelloSpark
25/08/25 19:44:54 INFO HelloSpark: Starting HelloSpark
25/08/25 19:45:06 INFO HelloSpark: [[United Kingdom, 1], [Canada, 2], [United States, 4]]
25/08/25 19:45:06 INFO HelloSpark: Finished HelloSpark
25/08/25 19:55:52 INFO HelloSpark: Starting HelloSpark
25/08/25 19:56:04 INFO HelloSpark: [[United Kingdom, 1], [Canada, 2], [United States, 4]]
25/08/25 19:57:48 INFO HelloSpark: Finished HelloSpark
25/08/25 19:58:10 INFO HelloSpark: Starting HelloSpark
25/08/25 19:58:29 INFO HelloSpark: [[United Kingdom, 1], [Canada, 2], [United States, 4]]
25/08/25 19:58:34 INFO HelloSpark: Finished HelloSpark
